Build started 10-Jul-18 5:19:00 PM.
     1>Project "I:\PROGRAM\C\arrays\arrays\arrays.vcxproj" on node 2 (build target(s)).
     1>InitializeBuildStatus:
         Touching "Debug\arrays.unsuccessfulbuild".
       ClCompile:
         C:\Program Files (x86)\Microsoft Visual Studio 10.0\VC\bin\CL.exe /c /ZI /nologo /W3 /WX- /Od /Oy- /D WIN32 /D _DEBUG /D _CONSOLE /D _UNICODE /D UNICODE /Gm /EHsc /RTC1 /MDd /GS /fp:precise /Zc:wchar_t /Zc:forScope /Fo"Debug\\" /Fd"Debug\vc100.pdb" /Gd /TP /analyze- /errorReport:prompt "combine the two array.cpp"
         combine the two array.cpp
     1>i:\program\c\arrays\arrays\combine the two array.cpp(4): warning C4101: 'i' : unreferenced local variable
       ManifestResourceCompile:
         All outputs are up-to-date.
       Link:
         C:\Program Files (x86)\Microsoft Visual Studio 10.0\VC\bin\link.exe /ERRORREPORT:PROMPT /OUT:"I:\PROGRAM\C\arrays\Debug\arrays.exe" /INCREMENTAL /NOLOGO kernel32.lib user32.lib gdi32.lib winspool.lib comdlg32.lib advapi32.lib shell32.lib ole32.lib oleaut32.lib uuid.lib odbc32.lib odbccp32.lib /MANIFEST /ManifestFile:"Debug\arrays.exe.intermediate.manifest" /MANIFESTUAC:"level='asInvoker' uiAccess='false'" /DEBUG /PDB:"I:\PROGRAM\C\arrays\Debug\arrays.pdb" /SUBSYSTEM:CONSOLE /TLBID:1 /DYNAMICBASE /NXCOMPAT /IMPLIB:"I:\PROGRAM\C\arrays\Debug\arrays.lib" /MACHINE:X86 Debug\arrays.exe.embed.manifest.res
         "Debug\combine the two array.obj"
       Manifest:
         C:\Program Files (x86)\Microsoft SDKs\Windows\v7.0A\bin\mt.exe /nologo /verbose /out:"Debug\arrays.exe.embed.manifest" /manifest Debug\arrays.exe.intermediate.manifest
         All outputs are up-to-date.
       LinkEmbedManifest:
         All outputs are up-to-date.
         arrays.vcxproj -> I:\PROGRAM\C\arrays\Debug\arrays.exe
       FinalizeBuildStatus:
         Deleting file "Debug\arrays.unsuccessfulbuild".
         Touching "Debug\arrays.lastbuildstate".
     1>Done Building Project "I:\PROGRAM\C\arrays\arrays\arrays.vcxproj" (build target(s)).

Build succeeded.

Time Elapsed 00:00:00.43
